Microware Documentation v3.2.4 file list:

DOC\PDF\68k_328_bg.pdf
DOC\PDF\68k_bls.pdf
DOC\PDF\68k_mvme_bg.pdf
DOC\PDF\68k_oem.pdf
DOC\PDF\68k_pcf.pdf
DOC\PDF\68k_rn_10.pdf
DOC\PDF\68k_rn_11.pdf
DOC\PDF\68k_rn_12.pdf
DOC\PDF\68k_ssd.pdf
DOC\PDF\68k_tech.pdf
DOC\PDF\68k_techio.pdf
DOC\PDF\68k_use.pdf
DOC\PDF\arm_assabet_bg.pdf
DOC\PDF\arm_cl7212_bg.pdf
DOC\PDF\arm_cl89712_bg.pdf
DOC\PDF\arm_gfxclient_bg.pdf
DOC\PDF\arm_gfxmaster_bg.pdf
DOC\PDF\arm_iq80310_bg.pdf
DOC\PDF\arm_IXM1200_bg.pdf
DOC\PDF\arm_ixp1200_bg.pdf
DOC\PDF\arm_pid7t_bg.pdf
DOC\PDF\arm_prospector_bg.pdf
DOC\PDF\arm_sidearm_bg.pdf
DOC\PDF\arm_thinclient_bg.pdf
DOC\PDF\atm_base.pdf
DOC\PDF\atm_sig.pdf
DOC\PDF\cardsoft.pdf
DOC\PDF\david_dbe.pdf
DOC\PDF\david_duxman.pdf
DOC\PDF\david_gs.pdf
DOC\PDF\david_mpfm_pg.pdf
DOC\PDF\david_mpfm_ref.pdf
DOC\PDF\david_mpfm_use.pdf
DOC\PDF\david_nrf.pdf
DOC\PDF\david_nullfm.pdf
DOC\PDF\david_rn.pdf
DOC\PDF\david_spec.pdf
DOC\PDF\david_stellar_drvr_util.pdf
DOC\PDF\david_uplink.pdf
DOC\PDF\david_uplink_server_gs.pdf
DOC\PDF\david_uplink_server_nt.pdf
DOC\PDF\david_utils_apps.pdf
DOC\PDF\devdes_configmod_ref.pdf
DOC\PDF\enp3511_bg.pdf
DOC\PDF\enp_2505_bg.pdf
DOC\PDF\enp_3510_bg.pdf
DOC\PDF\ethernet_router.pdf
DOC\PDF\getting_started.pdf
DOC\PDF\glossary.pdf
DOC\PDF\hawkeye_use.pdf
DOC\PDF\hawk_gs.pdf
DOC\PDF\hawk_macros.pdf
DOC\PDF\hawk_use.pdf
DOC\PDF\hellcat_utils_apps.pdf
DOC\PDF\home.pdf
DOC\PDF\ieee_1394_sdk.pdf
DOC\PDF\index.pdx
DOC\PDF\ixp1200_icd.pdf
DOC\PDF\jetbeam_using.pdf
DOC\PDF\lan_ref.pdf
DOC\PDF\lan_use.pdf
DOC\PDF\license.pdf
DOC\PDF\maui_pg.pdf
DOC\PDF\maui_ref.pdf
DOC\PDF\maui_snd.pdf
DOC\PDF\maui_use.pdf
DOC\PDF\mips3927_bg.pdf
DOC\PDF\mips_atlas4kc_bg.pdf
DOC\PDF\mips_idt79eb355.pdf
DOC\PDF\mips_idt79s334.pdf
DOC\PDF\mips_idt79s465_bg.pdf
DOC\PDF\mips_rn_31.pdf
DOC\PDF\nfs_ref.pdf
DOC\PDF\nfs_use.pdf
DOC\PDF\os9k_port.pdf
DOC\PDF\os9k_tech.pdf
DOC\PDF\os9k_use.pdf
DOC\PDF\pjava_arm_gs.pdf
DOC\PDF\pjava_jcc.pdf
DOC\PDF\pjava_mips32_gs.pdf
DOC\PDF\pjava_ppc_gs.pdf
DOC\PDF\pjava_sh_gs.pdf
DOC\PDF\pjava_use.pdf
DOC\PDF\pjava_x86_gs.pdf
DOC\PDF\power_use.pdf
DOC\PDF\ppc_405gp_bg.pdf
DOC\PDF\ppc_com_pci_bg.pdf
DOC\PDF\ppc_fads_bg.pdf
DOC\PDF\ppc_mbx_bg.pdf
DOC\PDF\ppc_mp5_bg.pdf
DOC\PDF\ppc_mtx_bg.pdf
DOC\PDF\ppc_mvme_bg.pdf
DOC\PDF\ppc_rpx_bg.pdf
DOC\PDF\ppc_sandp_bg.pdf
DOC\PDF\ppc_sbc8260_bg.pdf
DOC\PDF\pthreads_use.pdf
DOC\PDF\rn_30.pdf
DOC\PDF\rn_32.pdf
DOC\PDF\rombug_use.pdf
DOC\PDF\sh3_7709se_bg.pdf
DOC\PDF\sh3_ebx7709_bg.pdf
DOC\PDF\sh4_7750se_bg.pdf
DOC\PDF\sh5_hs8001_bg.pdf
DOC\PDF\snmp.pdf
DOC\PDF\softstax_port.pdf
DOC\PDF\softstax_ref.pdf
DOC\PDF\softstax_use.pdf
DOC\PDF\trueffs.pdf
DOC\PDF\ultrac_lib_ref.pdf
DOC\PDF\ultrac_pg.pdf
DOC\PDF\ultrac_use.pdf
DOC\PDF\usb_host.pdf
DOC\PDF\usb_peripheral.pdf
DOC\PDF\utils.pdf
DOC\PDF\x86_pcat_bg.pdf
DOC\PDF\x86_stpc_bg.pdf
DOC\PDF\index\assists\00000000.wld
DOC\PDF\index\assists\00000002.abt
DOC\PDF\index\assists\00000003.abt
DOC\PDF\index\assists\00000004.abt
DOC\PDF\index\assists\acrocat.cat
DOC\PDF\index\morgue\acrocat.cat
DOC\PDF\index\parts\00000001.ddd
DOC\PDF\index\parts\00000001.did
DOC\PDF\index\pdd\00000000.pdd
DOC\PDF\index\style\style.ddd
DOC\PDF\index\style\style.did
DOC\PDF\index\style\style.pdd
DOC\PDF\index\style\style.plc
DOC\PDF\index\style\style.stp
DOC\PDF\index\style\style.wld
DOC\PDF\index\temp\acrocat.cat
DOC\PDF\index\topicidx\acrocat.cat
DOC\PDF\index\trans\acrocat.cat
DOC\PDF\index\trans\data.trn
DOC\PDF\index\work\acrocat.cat
