typedef unsigned long ULONG;

ULONG	SCRIPT[] = {
	0x78340000,	0x00000000,
	0x54000000,	0x00000008,
	0x80880000,	0x00000198,
	0x98080000,	0x00000090,
	0x78340100,	0x00000000,
	0x7C1BEF00,	0x00000000,
	0x46000028,	0x00000178,
	0x828B0000,	0x00000008,
	0x98080000,	0x0000FF02,
	0x78370000,	0x00000000,
	0xC0000001,	0xFFF47034,	extern statadr,
	0xC0000004,	extern phythread,	0xFFF47010,
	0x7A1B1000,	0x00000000,
	0x80880000,	0x00000068,
	0x78340100,	0x00000000,
	0x7C1BEF00,	0x00000000,
	0x47000028,	0x00000120,
	0x868B0000,	0x00000008,
	0x98080000,	0x0000FF01,
	0x78370000,	0x00000000,
	0xC0000001,	0xFFF47034,	extern statadr1,
	0xC0000004,	extern phythread1,	0xFFF47010,
	0x7A1B1000,	0x00000000,
	0x78340200,	0x00000000,
	0x1E000018,	0x00000018,
	0x878B0000,	0x00000104,
	0x78340400,	0x00000000,
	0x1A000008,	0x00000008,
	0x80880000,	0x00000040,
	0x78340500,	0x00000000,
	0x19000000,	0x00000000,
	0x878A0000,	0x000000D4,
	0x80880000,	0x00000050,
	0x78340500,	0x00000000,
	0x18000000,	0x00000000,
	0x878A0000,	0x000000B4,
	0x80880000,	0x00000030,
	0x838B0000,	0x00000028,
	0x878B0000,	0x0000009C,
	0x808B0000,	0xFFFFFFC8,
	0x818B0000,	0xFFFFFFA0,
	0x828B0000,	0xFFFFFF80,
	0x98080000,	0x0000FF05,
	0x78340600,	0x00000000,
	0x9B030000,	0x0000FF03,
	0x1B000010,	0x00000010,
	0x78342200,	0x00000000,
	0x9F030000,	0x0000FF04,
	0x1F000020,	0x00000020,
	0x60000040,	0x00000000,
	0x48000000,	0x00000000,
	0x98080000,	0x00000080,
	0xC0000001,	0xFFF47020,	extern lcrcid_tid,
	0x0F000001,	extern lcrcid_idmsg,
	0x98080000,	0x000000A0,
	0x60000040,	0x00000000,
	0x80880000,	0xFFFFFF5C,
	0x60000040,	0x00000000,
	0x78341200,	0x00000000,
	0x1F000020,	0x00000020,
	0x808C0000,	0xFFFFFF9C,
	0x808C0002,	0xFFFFFFD8,
	0x808C0004,	0x00000020,
	0x808C0007,	0x00000030,
	0x808C0001,	0x00000040,
	0x808C0003,	0xFFFFFF14,
	0x98080000,	0x0000FF06,
	0x60000040,	0x00000000,
	0x48000000,	0x00000000,
	0x98080000,	0x000000B0,
	0x98080000,	0x000000D0,
	0x60000040,	0x00000000,
	0x80880000,	0xFFFFFEDC,
	0x60000040,	0x00000000,
	0x1F000020,	0x00000020,
	0x6A340000,	0x00000000,
	0xC0000001,	0xFFF47037,	extern extcntptr,
	0x80840000,	0x00000014,
	0x78350100,	0x00000000,
	0xC0000001,	0xFFF47036,	extern extcntptr1,
	0xC0000004,	extern extmframeptr,	0xFFF47010,
	0x60000040,	0x00000000,
	0x1F000000,	0x00000000,
	0x98080000,	0x000000C0,
	0x60000040,	0x00000000,
	0x878B0000,	0xFFFFFF14,
	0x80880000,	0xFFFFFE60,
	0x58000008,	0x00000000,
	0x78340300,	0x00000000,
	0x0E000001,	extern armsg_abort,
	0x48000000,	0x00000000,
	0x98080000,	0x00000080,
	0x58000008,	0x00000000,
	0x60000040,	0x00000000,
	0x0E000001,	extern armsg_reject,
	0x80880000,	0xFFFFFE18,
	0x58000008,	0x00000000,
	0x60000040,	0x00000000,
	0x0E000001,	extern armsg_mpe,
	0x80880000,	0xFFFFFDF8,
	0x58000008,	0x00000000,
	0x60000040,	0x00000000,
	0x1E000018,	0x00000018,
	0x80880000,	0xFFFFFDD8,
	0x08000001,	extern bitbucket,
	0x80830000,	0x00000020,
	0x80880000,	0xFFFFFFE8,
	0x09000001,	extern bitbucket1,
	0x81830000,	0x00000008,
	0x80880000,	0xFFFFFFE8,
	0xC0000004,	extern phythread2,	0xFFF47010,
	0x58000008,	0x00000000,
	0x808B0000,	0xFFFFFFB4,
	0x818B0000,	0xFFFFFFC4,
	0x868B0000,	0xFFFFFF1C,
	0x878B0000,	0xFFFFFE20,
	0x838B0000,	0xFFFFFD9C,
	0x98080000,	0x0000FF05

};

#define	Ent_WAITFORRESELECT	0x00000000
#define	Ent_SELECTNOATN  	0x00000020
#define	Ent_SELECTATN    	0x00000078
#define	Ent_WHICHPHASE   	0x00000138
#define	Ent_GETSTATUS    	0x00000168
#define	Ent_RESELECTED   	0x000001cc
#define	Ent_ABORTMESSAGE 	0x000002d8
#define	Ent_REJECTMESSAGE	0x00000300
#define	Ent_PEMESSAGE    	0x00000320
#define	Ent_SENDMESSAGE  	0x00000340
#define	Ent_FREEIT       	0x0000039c
ULONG	INSTRUCTIONS	= 0x00000076;
ULONG	PATCHES		= 0x00000000;
